2015/04/08 19:31:26 [error] [exception.CDbException] could not find driver
2015/04/08 19:31:26 [error] [exception.CDbException] exception 'CDbException' with message 'CDbConnection failed to open the DB connection.' in /var/www/Proyectos/yii/framework/db/CDbConnection.php:388
Stack trace:
#0 /var/www/Proyectos/yii/framework/db/CDbConnection.php(330): CDbConnection->open()
#1 /var/www/Proyectos/yii/framework/db/CDbConnection.php(308): CDbConnection->setActive(true)
#2 /var/www/Proyectos/yii/framework/base/CModule.php(387): CDbConnection->init()
#3 /var/www/Proyectos/yii/framework/base/CApplication.php(450): CModule->getComponent('db')
#4 /var/www/Proyectos/yii/framework/db/ar/CActiveRecord.php(634): CApplication->getDb()
#5 /var/www/Proyectos/yii/framework/db/ar/CActiveRecord.php(667): CActiveRecord->getDbConnection()
#6 /var/www/Proyectos/yii/framework/db/ar/CActiveRecord.php(1595): CActiveRecord->getCommandBuilder()
#7 /var/www/Proyectos/yii/framework/web/CActiveDataProvider.php(228): CActiveRecord->count(Object(CDbCriteria))
#8 /var/www/Proyectos/yii/framework/web/CDataProvider.php(224): CActiveDataProvider->calculateTotalItemCount()
#9 /var/www/Proyectos/yii/framework/web/CActiveDataProvider.php(178): CDataProvider->getTotalItemCount()
#10 /var/www/Proyectos/yii/framework/web/CDataProvider.php(168): CActiveDataProvider->fetchData()
#11 /var/www/Proyectos/yii/framework/zii/widgets/CBaseListView.php(111): CDataProvider->getData()
#12 /var/www/Proyectos/yii/framework/zii/widgets/CListView.php(211): CBaseListView->init()
#13 /var/www/Proyectos/yii/framework/web/CBaseController.php(147): CListView->init()
#14 /var/www/Proyectos/yii/framework/web/CBaseController.php(172): CBaseController->createWidget('zii.widgets.CLi...', Array)
#15 /var/www/Proyectos/blog2/protected/views/post/index.php(9): CBaseController->widget('zii.widgets.CLi...', Array)
#16 /var/www/Proyectos/yii/framework/web/CBaseController.php(126): require('/var/www/Proyec...')
#17 /var/www/Proyectos/yii/framework/web/CBaseController.php(95): CBaseController->renderInternal('/var/www/Proyec...', Array, true)
#18 /var/www/Proyectos/yii/framework/web/CController.php(869): CBaseController->renderFile('/var/www/Proyec...', Array, true)
#19 /var/www/Proyectos/yii/framework/web/CController.php(782): CController->renderPartial('index', Array, true)
#20 /var/www/Proyectos/blog2/protected/controllers/PostController.php(136): CController->render('index', Array)
#21 /var/www/Proyectos/yii/framework/web/actions/CInlineAction.php(49): PostController->actionIndex()
#22 /var/www/Proyectos/yii/framework/web/CController.php(308): CInlineAction->runWithParams(Array)
#23 /var/www/Proyectos/yii/framework/web/filters/CFilterChain.php(133): CController->runAction(Object(CInlineAction))
#24 /var/www/Proyectos/yii/framework/web/filters/CFilter.php(40): CFilterChain->run()
#25 /var/www/Proyectos/yii/framework/web/CController.php(1145): CFilter->filter(Object(CFilterChain))
#26 /var/www/Proyectos/yii/framework/web/filters/CInlineFilter.php(58): CController->filterAccessControl(Object(CFilterChain))
#27 /var/www/Proyectos/yii/framework/web/filters/CFilterChain.php(130): CInlineFilter->filter(Object(CFilterChain))
#28 /var/www/Proyectos/yii/framework/web/CController.php(291): CFilterChain->run()
#29 /var/www/Proyectos/yii/framework/web/CController.php(265): CController->runActionWithFilters(Object(CInlineAction), Array)
#30 /var/www/Proyectos/yii/framework/web/CWebApplication.php(282): CController->run('')
#31 /var/www/Proyectos/yii/framework/web/CWebApplication.php(141): CWebApplication->runController('')
#32 /var/www/Proyectos/yii/framework/base/CApplication.php(180): CWebApplication->processRequest()
#33 /var/www/Proyectos/blog2/index.php(11): CApplication->run()
#34 {main}
REQUEST_URI=/Proyectos/blog2/
HTTP_REFERER=http://localhost/Proyectos/
---
2015/04/08 19:44:50 [error] [exception.CDbException] could not find driver
2015/04/08 19:44:50 [error] [exception.CDbException] exception 'CDbException' with message 'CDbConnection failed to open the DB connection.' in /var/www/Proyectos/yii/framework/db/CDbConnection.php:388
Stack trace:
#0 /var/www/Proyectos/yii/framework/db/CDbConnection.php(330): CDbConnection->open()
#1 /var/www/Proyectos/yii/framework/db/CDbConnection.php(308): CDbConnection->setActive(true)
#2 /var/www/Proyectos/yii/framework/base/CModule.php(387): CDbConnection->init()
#3 /var/www/Proyectos/yii/framework/base/CApplication.php(450): CModule->getComponent('db')
#4 /var/www/Proyectos/yii/framework/db/ar/CActiveRecord.php(634): CApplication->getDb()
#5 /var/www/Proyectos/yii/framework/db/ar/CActiveRecord.php(667): CActiveRecord->getDbConnection()
#6 /var/www/Proyectos/yii/framework/db/ar/CActiveRecord.php(1595): CActiveRecord->getCommandBuilder()
#7 /var/www/Proyectos/yii/framework/web/CActiveDataProvider.php(228): CActiveRecord->count(Object(CDbCriteria))
#8 /var/www/Proyectos/yii/framework/web/CDataProvider.php(224): CActiveDataProvider->calculateTotalItemCount()
#9 /var/www/Proyectos/yii/framework/web/CActiveDataProvider.php(178): CDataProvider->getTotalItemCount()
#10 /var/www/Proyectos/yii/framework/web/CDataProvider.php(168): CActiveDataProvider->fetchData()
#11 /var/www/Proyectos/yii/framework/zii/widgets/CBaseListView.php(111): CDataProvider->getData()
#12 /var/www/Proyectos/yii/framework/zii/widgets/CListView.php(211): CBaseListView->init()
#13 /var/www/Proyectos/yii/framework/web/CBaseController.php(147): CListView->init()
#14 /var/www/Proyectos/yii/framework/web/CBaseController.php(172): CBaseController->createWidget('zii.widgets.CLi...', Array)
#15 /var/www/Proyectos/blog2/protected/views/post/index.php(9): CBaseController->widget('zii.widgets.CLi...', Array)
#16 /var/www/Proyectos/yii/framework/web/CBaseController.php(126): require('/var/www/Proyec...')
#17 /var/www/Proyectos/yii/framework/web/CBaseController.php(95): CBaseController->renderInternal('/var/www/Proyec...', Array, true)
#18 /var/www/Proyectos/yii/framework/web/CController.php(869): CBaseController->renderFile('/var/www/Proyec...', Array, true)
#19 /var/www/Proyectos/yii/framework/web/CController.php(782): CController->renderPartial('index', Array, true)
#20 /var/www/Proyectos/blog2/protected/controllers/PostController.php(136): CController->render('index', Array)
#21 /var/www/Proyectos/yii/framework/web/actions/CInlineAction.php(49): PostController->actionIndex()
#22 /var/www/Proyectos/yii/framework/web/CController.php(308): CInlineAction->runWithParams(Array)
#23 /var/www/Proyectos/yii/framework/web/filters/CFilterChain.php(133): CController->runAction(Object(CInlineAction))
#24 /var/www/Proyectos/yii/framework/web/filters/CFilter.php(40): CFilterChain->run()
#25 /var/www/Proyectos/yii/framework/web/CController.php(1145): CFilter->filter(Object(CFilterChain))
#26 /var/www/Proyectos/yii/framework/web/filters/CInlineFilter.php(58): CController->filterAccessControl(Object(CFilterChain))
#27 /var/www/Proyectos/yii/framework/web/filters/CFilterChain.php(130): CInlineFilter->filter(Object(CFilterChain))
#28 /var/www/Proyectos/yii/framework/web/CController.php(291): CFilterChain->run()
#29 /var/www/Proyectos/yii/framework/web/CController.php(265): CController->runActionWithFilters(Object(CInlineAction), Array)
#30 /var/www/Proyectos/yii/framework/web/CWebApplication.php(282): CController->run('')
#31 /var/www/Proyectos/yii/framework/web/CWebApplication.php(141): CWebApplication->runController('')
#32 /var/www/Proyectos/yii/framework/base/CApplication.php(180): CWebApplication->processRequest()
#33 /var/www/Proyectos/blog2/index.php(11): CApplication->run()
#34 {main}
REQUEST_URI=/Proyectos/blog2/
HTTP_REFERER=http://localhost/Proyectos/
---
2015/04/08 19:45:16 [error] [exception.CDbException] could not find driver
2015/04/08 19:45:16 [error] [exception.CDbException] exception 'CDbException' with message 'CDbConnection failed to open the DB connection.' in /var/www/Proyectos/yii/framework/db/CDbConnection.php:388
Stack trace:
#0 /var/www/Proyectos/yii/framework/db/CDbConnection.php(330): CDbConnection->open()
#1 /var/www/Proyectos/yii/framework/db/CDbConnection.php(308): CDbConnection->setActive(true)
#2 /var/www/Proyectos/yii/framework/base/CModule.php(387): CDbConnection->init()
#3 /var/www/Proyectos/yii/framework/base/CApplication.php(450): CModule->getComponent('db')
#4 /var/www/Proyectos/yii/framework/db/ar/CActiveRecord.php(634): CApplication->getDb()
#5 /var/www/Proyectos/yii/framework/db/ar/CActiveRecord.php(667): CActiveRecord->getDbConnection()
#6 /var/www/Proyectos/yii/framework/db/ar/CActiveRecord.php(1595): CActiveRecord->getCommandBuilder()
#7 /var/www/Proyectos/yii/framework/web/CActiveDataProvider.php(228): CActiveRecord->count(Object(CDbCriteria))
#8 /var/www/Proyectos/yii/framework/web/CDataProvider.php(224): CActiveDataProvider->calculateTotalItemCount()
#9 /var/www/Proyectos/yii/framework/web/CActiveDataProvider.php(178): CDataProvider->getTotalItemCount()
#10 /var/www/Proyectos/yii/framework/web/CDataProvider.php(168): CActiveDataProvider->fetchData()
#11 /var/www/Proyectos/yii/framework/zii/widgets/CBaseListView.php(111): CDataProvider->getData()
#12 /var/www/Proyectos/yii/framework/zii/widgets/CListView.php(211): CBaseListView->init()
#13 /var/www/Proyectos/yii/framework/web/CBaseController.php(147): CListView->init()
#14 /var/www/Proyectos/yii/framework/web/CBaseController.php(172): CBaseController->createWidget('zii.widgets.CLi...', Array)
#15 /var/www/Proyectos/blog2/protected/views/post/index.php(9): CBaseController->widget('zii.widgets.CLi...', Array)
#16 /var/www/Proyectos/yii/framework/web/CBaseController.php(126): require('/var/www/Proyec...')
#17 /var/www/Proyectos/yii/framework/web/CBaseController.php(95): CBaseController->renderInternal('/var/www/Proyec...', Array, true)
#18 /var/www/Proyectos/yii/framework/web/CController.php(869): CBaseController->renderFile('/var/www/Proyec...', Array, true)
#19 /var/www/Proyectos/yii/framework/web/CController.php(782): CController->renderPartial('index', Array, true)
#20 /var/www/Proyectos/blog2/protected/controllers/PostController.php(136): CController->render('index', Array)
#21 /var/www/Proyectos/yii/framework/web/actions/CInlineAction.php(49): PostController->actionIndex()
#22 /var/www/Proyectos/yii/framework/web/CController.php(308): CInlineAction->runWithParams(Array)
#23 /var/www/Proyectos/yii/framework/web/filters/CFilterChain.php(133): CController->runAction(Object(CInlineAction))
#24 /var/www/Proyectos/yii/framework/web/filters/CFilter.php(40): CFilterChain->run()
#25 /var/www/Proyectos/yii/framework/web/CController.php(1145): CFilter->filter(Object(CFilterChain))
#26 /var/www/Proyectos/yii/framework/web/filters/CInlineFilter.php(58): CController->filterAccessControl(Object(CFilterChain))
#27 /var/www/Proyectos/yii/framework/web/filters/CFilterChain.php(130): CInlineFilter->filter(Object(CFilterChain))
#28 /var/www/Proyectos/yii/framework/web/CController.php(291): CFilterChain->run()
#29 /var/www/Proyectos/yii/framework/web/CController.php(265): CController->runActionWithFilters(Object(CInlineAction), Array)
#30 /var/www/Proyectos/yii/framework/web/CWebApplication.php(282): CController->run('')
#31 /var/www/Proyectos/yii/framework/web/CWebApplication.php(141): CWebApplication->runController('')
#32 /var/www/Proyectos/yii/framework/base/CApplication.php(180): CWebApplication->processRequest()
#33 /var/www/Proyectos/blog2/index.php(11): CApplication->run()
#34 {main}
REQUEST_URI=/Proyectos/blog2/
HTTP_REFERER=http://localhost/Proyectos/
---
2015/04/08 19:45:18 [error] [exception.CDbException] could not find driver
2015/04/08 19:45:18 [error] [exception.CDbException] exception 'CDbException' with message 'CDbConnection failed to open the DB connection.' in /var/www/Proyectos/yii/framework/db/CDbConnection.php:388
Stack trace:
#0 /var/www/Proyectos/yii/framework/db/CDbConnection.php(330): CDbConnection->open()
#1 /var/www/Proyectos/yii/framework/db/CDbConnection.php(308): CDbConnection->setActive(true)
#2 /var/www/Proyectos/yii/framework/base/CModule.php(387): CDbConnection->init()
#3 /var/www/Proyectos/yii/framework/base/CApplication.php(450): CModule->getComponent('db')
#4 /var/www/Proyectos/yii/framework/db/ar/CActiveRecord.php(634): CApplication->getDb()
#5 /var/www/Proyectos/yii/framework/db/ar/CActiveRecord.php(667): CActiveRecord->getDbConnection()
#6 /var/www/Proyectos/yii/framework/db/ar/CActiveRecord.php(1595): CActiveRecord->getCommandBuilder()
#7 /var/www/Proyectos/yii/framework/web/CActiveDataProvider.php(228): CActiveRecord->count(Object(CDbCriteria))
#8 /var/www/Proyectos/yii/framework/web/CDataProvider.php(224): CActiveDataProvider->calculateTotalItemCount()
#9 /var/www/Proyectos/yii/framework/web/CActiveDataProvider.php(178): CDataProvider->getTotalItemCount()
#10 /var/www/Proyectos/yii/framework/web/CDataProvider.php(168): CActiveDataProvider->fetchData()
#11 /var/www/Proyectos/yii/framework/zii/widgets/CBaseListView.php(111): CDataProvider->getData()
#12 /var/www/Proyectos/yii/framework/zii/widgets/CListView.php(211): CBaseListView->init()
#13 /var/www/Proyectos/yii/framework/web/CBaseController.php(147): CListView->init()
#14 /var/www/Proyectos/yii/framework/web/CBaseController.php(172): CBaseController->createWidget('zii.widgets.CLi...', Array)
#15 /var/www/Proyectos/blog2/protected/views/post/index.php(9): CBaseController->widget('zii.widgets.CLi...', Array)
#16 /var/www/Proyectos/yii/framework/web/CBaseController.php(126): require('/var/www/Proyec...')
#17 /var/www/Proyectos/yii/framework/web/CBaseController.php(95): CBaseController->renderInternal('/var/www/Proyec...', Array, true)
#18 /var/www/Proyectos/yii/framework/web/CController.php(869): CBaseController->renderFile('/var/www/Proyec...', Array, true)
#19 /var/www/Proyectos/yii/framework/web/CController.php(782): CController->renderPartial('index', Array, true)
#20 /var/www/Proyectos/blog2/protected/controllers/PostController.php(136): CController->render('index', Array)
#21 /var/www/Proyectos/yii/framework/web/actions/CInlineAction.php(49): PostController->actionIndex()
#22 /var/www/Proyectos/yii/framework/web/CController.php(308): CInlineAction->runWithParams(Array)
#23 /var/www/Proyectos/yii/framework/web/filters/CFilterChain.php(133): CController->runAction(Object(CInlineAction))
#24 /var/www/Proyectos/yii/framework/web/filters/CFilter.php(40): CFilterChain->run()
#25 /var/www/Proyectos/yii/framework/web/CController.php(1145): CFilter->filter(Object(CFilterChain))
#26 /var/www/Proyectos/yii/framework/web/filters/CInlineFilter.php(58): CController->filterAccessControl(Object(CFilterChain))
#27 /var/www/Proyectos/yii/framework/web/filters/CFilterChain.php(130): CInlineFilter->filter(Object(CFilterChain))
#28 /var/www/Proyectos/yii/framework/web/CController.php(291): CFilterChain->run()
#29 /var/www/Proyectos/yii/framework/web/CController.php(265): CController->runActionWithFilters(Object(CInlineAction), Array)
#30 /var/www/Proyectos/yii/framework/web/CWebApplication.php(282): CController->run('')
#31 /var/www/Proyectos/yii/framework/web/CWebApplication.php(141): CWebApplication->runController('')
#32 /var/www/Proyectos/yii/framework/base/CApplication.php(180): CWebApplication->processRequest()
#33 /var/www/Proyectos/blog2/index.php(11): CApplication->run()
#34 {main}
REQUEST_URI=/Proyectos/blog2/
HTTP_REFERER=http://localhost/Proyectos/
---
2015/04/08 19:46:01 [error] [exception.CDbException] could not find driver
2015/04/08 19:46:01 [error] [exception.CDbException] exception 'CDbException' with message 'CDbConnection failed to open the DB connection.' in /var/www/Proyectos/yii/framework/db/CDbConnection.php:388
Stack trace:
#0 /var/www/Proyectos/yii/framework/db/CDbConnection.php(330): CDbConnection->open()
#1 /var/www/Proyectos/yii/framework/db/CDbConnection.php(308): CDbConnection->setActive(true)
#2 /var/www/Proyectos/yii/framework/base/CModule.php(387): CDbConnection->init()
#3 /var/www/Proyectos/yii/framework/base/CApplication.php(450): CModule->getComponent('db')
#4 /var/www/Proyectos/yii/framework/db/ar/CActiveRecord.php(634): CApplication->getDb()
#5 /var/www/Proyectos/yii/framework/db/ar/CActiveRecord.php(667): CActiveRecord->getDbConnection()
#6 /var/www/Proyectos/yii/framework/db/ar/CActiveRecord.php(1595): CActiveRecord->getCommandBuilder()
#7 /var/www/Proyectos/yii/framework/web/CActiveDataProvider.php(228): CActiveRecord->count(Object(CDbCriteria))
#8 /var/www/Proyectos/yii/framework/web/CDataProvider.php(224): CActiveDataProvider->calculateTotalItemCount()
#9 /var/www/Proyectos/yii/framework/web/CActiveDataProvider.php(178): CDataProvider->getTotalItemCount()
#10 /var/www/Proyectos/yii/framework/web/CDataProvider.php(168): CActiveDataProvider->fetchData()
#11 /var/www/Proyectos/yii/framework/zii/widgets/CBaseListView.php(111): CDataProvider->getData()
#12 /var/www/Proyectos/yii/framework/zii/widgets/CListView.php(211): CBaseListView->init()
#13 /var/www/Proyectos/yii/framework/web/CBaseController.php(147): CListView->init()
#14 /var/www/Proyectos/yii/framework/web/CBaseController.php(172): CBaseController->createWidget('zii.widgets.CLi...', Array)
#15 /var/www/Proyectos/blog2/protected/views/post/index.php(9): CBaseController->widget('zii.widgets.CLi...', Array)
#16 /var/www/Proyectos/yii/framework/web/CBaseController.php(126): require('/var/www/Proyec...')
#17 /var/www/Proyectos/yii/framework/web/CBaseController.php(95): CBaseController->renderInternal('/var/www/Proyec...', Array, true)
#18 /var/www/Proyectos/yii/framework/web/CController.php(869): CBaseController->renderFile('/var/www/Proyec...', Array, true)
#19 /var/www/Proyectos/yii/framework/web/CController.php(782): CController->renderPartial('index', Array, true)
#20 /var/www/Proyectos/blog2/protected/controllers/PostController.php(136): CController->render('index', Array)
#21 /var/www/Proyectos/yii/framework/web/actions/CInlineAction.php(49): PostController->actionIndex()
#22 /var/www/Proyectos/yii/framework/web/CController.php(308): CInlineAction->runWithParams(Array)
#23 /var/www/Proyectos/yii/framework/web/filters/CFilterChain.php(133): CController->runAction(Object(CInlineAction))
#24 /var/www/Proyectos/yii/framework/web/filters/CFilter.php(40): CFilterChain->run()
#25 /var/www/Proyectos/yii/framework/web/CController.php(1145): CFilter->filter(Object(CFilterChain))
#26 /var/www/Proyectos/yii/framework/web/filters/CInlineFilter.php(58): CController->filterAccessControl(Object(CFilterChain))
#27 /var/www/Proyectos/yii/framework/web/filters/CFilterChain.php(130): CInlineFilter->filter(Object(CFilterChain))
#28 /var/www/Proyectos/yii/framework/web/CController.php(291): CFilterChain->run()
#29 /var/www/Proyectos/yii/framework/web/CController.php(265): CController->runActionWithFilters(Object(CInlineAction), Array)
#30 /var/www/Proyectos/yii/framework/web/CWebApplication.php(282): CController->run('')
#31 /var/www/Proyectos/yii/framework/web/CWebApplication.php(141): CWebApplication->runController('')
#32 /var/www/Proyectos/yii/framework/base/CApplication.php(180): CWebApplication->processRequest()
#33 /var/www/Proyectos/blog2/index.php(11): CApplication->run()
#34 {main}
REQUEST_URI=/Proyectos/blog2/
HTTP_REFERER=http://localhost/Proyectos/
---
2015/04/08 19:46:02 [error] [exception.CDbException] could not find driver
2015/04/08 19:46:02 [error] [exception.CDbException] exception 'CDbException' with message 'CDbConnection failed to open the DB connection.' in /var/www/Proyectos/yii/framework/db/CDbConnection.php:388
Stack trace:
#0 /var/www/Proyectos/yii/framework/db/CDbConnection.php(330): CDbConnection->open()
#1 /var/www/Proyectos/yii/framework/db/CDbConnection.php(308): CDbConnection->setActive(true)
#2 /var/www/Proyectos/yii/framework/base/CModule.php(387): CDbConnection->init()
#3 /var/www/Proyectos/yii/framework/base/CApplication.php(450): CModule->getComponent('db')
#4 /var/www/Proyectos/yii/framework/db/ar/CActiveRecord.php(634): CApplication->getDb()
#5 /var/www/Proyectos/yii/framework/db/ar/CActiveRecord.php(667): CActiveRecord->getDbConnection()
#6 /var/www/Proyectos/yii/framework/db/ar/CActiveRecord.php(1595): CActiveRecord->getCommandBuilder()
#7 /var/www/Proyectos/yii/framework/web/CActiveDataProvider.php(228): CActiveRecord->count(Object(CDbCriteria))
#8 /var/www/Proyectos/yii/framework/web/CDataProvider.php(224): CActiveDataProvider->calculateTotalItemCount()
#9 /var/www/Proyectos/yii/framework/web/CActiveDataProvider.php(178): CDataProvider->getTotalItemCount()
#10 /var/www/Proyectos/yii/framework/web/CDataProvider.php(168): CActiveDataProvider->fetchData()
#11 /var/www/Proyectos/yii/framework/zii/widgets/CBaseListView.php(111): CDataProvider->getData()
#12 /var/www/Proyectos/yii/framework/zii/widgets/CListView.php(211): CBaseListView->init()
#13 /var/www/Proyectos/yii/framework/web/CBaseController.php(147): CListView->init()
#14 /var/www/Proyectos/yii/framework/web/CBaseController.php(172): CBaseController->createWidget('zii.widgets.CLi...', Array)
#15 /var/www/Proyectos/blog2/protected/views/post/index.php(9): CBaseController->widget('zii.widgets.CLi...', Array)
#16 /var/www/Proyectos/yii/framework/web/CBaseController.php(126): require('/var/www/Proyec...')
#17 /var/www/Proyectos/yii/framework/web/CBaseController.php(95): CBaseController->renderInternal('/var/www/Proyec...', Array, true)
#18 /var/www/Proyectos/yii/framework/web/CController.php(869): CBaseController->renderFile('/var/www/Proyec...', Array, true)
#19 /var/www/Proyectos/yii/framework/web/CController.php(782): CController->renderPartial('index', Array, true)
#20 /var/www/Proyectos/blog2/protected/controllers/PostController.php(136): CController->render('index', Array)
#21 /var/www/Proyectos/yii/framework/web/actions/CInlineAction.php(49): PostController->actionIndex()
#22 /var/www/Proyectos/yii/framework/web/CController.php(308): CInlineAction->runWithParams(Array)
#23 /var/www/Proyectos/yii/framework/web/filters/CFilterChain.php(133): CController->runAction(Object(CInlineAction))
#24 /var/www/Proyectos/yii/framework/web/filters/CFilter.php(40): CFilterChain->run()
#25 /var/www/Proyectos/yii/framework/web/CController.php(1145): CFilter->filter(Object(CFilterChain))
#26 /var/www/Proyectos/yii/framework/web/filters/CInlineFilter.php(58): CController->filterAccessControl(Object(CFilterChain))
#27 /var/www/Proyectos/yii/framework/web/filters/CFilterChain.php(130): CInlineFilter->filter(Object(CFilterChain))
#28 /var/www/Proyectos/yii/framework/web/CController.php(291): CFilterChain->run()
#29 /var/www/Proyectos/yii/framework/web/CController.php(265): CController->runActionWithFilters(Object(CInlineAction), Array)
#30 /var/www/Proyectos/yii/framework/web/CWebApplication.php(282): CController->run('')
#31 /var/www/Proyectos/yii/framework/web/CWebApplication.php(141): CWebApplication->runController('')
#32 /var/www/Proyectos/yii/framework/base/CApplication.php(180): CWebApplication->processRequest()
#33 /var/www/Proyectos/blog2/index.php(11): CApplication->run()
#34 {main}
REQUEST_URI=/Proyectos/blog2/
HTTP_REFERER=http://localhost/Proyectos/
---
2015/04/08 19:46:02 [error] [exception.CDbException] could not find driver
2015/04/08 19:46:02 [error] [exception.CDbException] exception 'CDbException' with message 'CDbConnection failed to open the DB connection.' in /var/www/Proyectos/yii/framework/db/CDbConnection.php:388
Stack trace:
#0 /var/www/Proyectos/yii/framework/db/CDbConnection.php(330): CDbConnection->open()
#1 /var/www/Proyectos/yii/framework/db/CDbConnection.php(308): CDbConnection->setActive(true)
#2 /var/www/Proyectos/yii/framework/base/CModule.php(387): CDbConnection->init()
#3 /var/www/Proyectos/yii/framework/base/CApplication.php(450): CModule->getComponent('db')
#4 /var/www/Proyectos/yii/framework/db/ar/CActiveRecord.php(634): CApplication->getDb()
#5 /var/www/Proyectos/yii/framework/db/ar/CActiveRecord.php(667): CActiveRecord->getDbConnection()
#6 /var/www/Proyectos/yii/framework/db/ar/CActiveRecord.php(1595): CActiveRecord->getCommandBuilder()
#7 /var/www/Proyectos/yii/framework/web/CActiveDataProvider.php(228): CActiveRecord->count(Object(CDbCriteria))
#8 /var/www/Proyectos/yii/framework/web/CDataProvider.php(224): CActiveDataProvider->calculateTotalItemCount()
#9 /var/www/Proyectos/yii/framework/web/CActiveDataProvider.php(178): CDataProvider->getTotalItemCount()
#10 /var/www/Proyectos/yii/framework/web/CDataProvider.php(168): CActiveDataProvider->fetchData()
#11 /var/www/Proyectos/yii/framework/zii/widgets/CBaseListView.php(111): CDataProvider->getData()
#12 /var/www/Proyectos/yii/framework/zii/widgets/CListView.php(211): CBaseListView->init()
#13 /var/www/Proyectos/yii/framework/web/CBaseController.php(147): CListView->init()
#14 /var/www/Proyectos/yii/framework/web/CBaseController.php(172): CBaseController->createWidget('zii.widgets.CLi...', Array)
#15 /var/www/Proyectos/blog2/protected/views/post/index.php(9): CBaseController->widget('zii.widgets.CLi...', Array)
#16 /var/www/Proyectos/yii/framework/web/CBaseController.php(126): require('/var/www/Proyec...')
#17 /var/www/Proyectos/yii/framework/web/CBaseController.php(95): CBaseController->renderInternal('/var/www/Proyec...', Array, true)
#18 /var/www/Proyectos/yii/framework/web/CController.php(869): CBaseController->renderFile('/var/www/Proyec...', Array, true)
#19 /var/www/Proyectos/yii/framework/web/CController.php(782): CController->renderPartial('index', Array, true)
#20 /var/www/Proyectos/blog2/protected/controllers/PostController.php(136): CController->render('index', Array)
#21 /var/www/Proyectos/yii/framework/web/actions/CInlineAction.php(49): PostController->actionIndex()
#22 /var/www/Proyectos/yii/framework/web/CController.php(308): CInlineAction->runWithParams(Array)
#23 /var/www/Proyectos/yii/framework/web/filters/CFilterChain.php(133): CController->runAction(Object(CInlineAction))
#24 /var/www/Proyectos/yii/framework/web/filters/CFilter.php(40): CFilterChain->run()
#25 /var/www/Proyectos/yii/framework/web/CController.php(1145): CFilter->filter(Object(CFilterChain))
#26 /var/www/Proyectos/yii/framework/web/filters/CInlineFilter.php(58): CController->filterAccessControl(Object(CFilterChain))
#27 /var/www/Proyectos/yii/framework/web/filters/CFilterChain.php(130): CInlineFilter->filter(Object(CFilterChain))
#28 /var/www/Proyectos/yii/framework/web/CController.php(291): CFilterChain->run()
#29 /var/www/Proyectos/yii/framework/web/CController.php(265): CController->runActionWithFilters(Object(CInlineAction), Array)
#30 /var/www/Proyectos/yii/framework/web/CWebApplication.php(282): CController->run('')
#31 /var/www/Proyectos/yii/framework/web/CWebApplication.php(141): CWebApplication->runController('')
#32 /var/www/Proyectos/yii/framework/base/CApplication.php(180): CWebApplication->processRequest()
#33 /var/www/Proyectos/blog2/index.php(11): CApplication->run()
#34 {main}
REQUEST_URI=/Proyectos/blog2/
HTTP_REFERER=http://localhost/Proyectos/
---
2015/04/08 19:46:03 [error] [exception.CDbException] could not find driver
2015/04/08 19:46:03 [error] [exception.CDbException] exception 'CDbException' with message 'CDbConnection failed to open the DB connection.' in /var/www/Proyectos/yii/framework/db/CDbConnection.php:388
Stack trace:
#0 /var/www/Proyectos/yii/framework/db/CDbConnection.php(330): CDbConnection->open()
#1 /var/www/Proyectos/yii/framework/db/CDbConnection.php(308): CDbConnection->setActive(true)
#2 /var/www/Proyectos/yii/framework/base/CModule.php(387): CDbConnection->init()
#3 /var/www/Proyectos/yii/framework/base/CApplication.php(450): CModule->getComponent('db')
#4 /var/www/Proyectos/yii/framework/db/ar/CActiveRecord.php(634): CApplication->getDb()
#5 /var/www/Proyectos/yii/framework/db/ar/CActiveRecord.php(667): CActiveRecord->getDbConnection()
#6 /var/www/Proyectos/yii/framework/db/ar/CActiveRecord.php(1595): CActiveRecord->getCommandBuilder()
#7 /var/www/Proyectos/yii/framework/web/CActiveDataProvider.php(228): CActiveRecord->count(Object(CDbCriteria))
#8 /var/www/Proyectos/yii/framework/web/CDataProvider.php(224): CActiveDataProvider->calculateTotalItemCount()
#9 /var/www/Proyectos/yii/framework/web/CActiveDataProvider.php(178): CDataProvider->getTotalItemCount()
#10 /var/www/Proyectos/yii/framework/web/CDataProvider.php(168): CActiveDataProvider->fetchData()
#11 /var/www/Proyectos/yii/framework/zii/widgets/CBaseListView.php(111): CDataProvider->getData()
#12 /var/www/Proyectos/yii/framework/zii/widgets/CListView.php(211): CBaseListView->init()
#13 /var/www/Proyectos/yii/framework/web/CBaseController.php(147): CListView->init()
#14 /var/www/Proyectos/yii/framework/web/CBaseController.php(172): CBaseController->createWidget('zii.widgets.CLi...', Array)
#15 /var/www/Proyectos/blog2/protected/views/post/index.php(9): CBaseController->widget('zii.widgets.CLi...', Array)
#16 /var/www/Proyectos/yii/framework/web/CBaseController.php(126): require('/var/www/Proyec...')
#17 /var/www/Proyectos/yii/framework/web/CBaseController.php(95): CBaseController->renderInternal('/var/www/Proyec...', Array, true)
#18 /var/www/Proyectos/yii/framework/web/CController.php(869): CBaseController->renderFile('/var/www/Proyec...', Array, true)
#19 /var/www/Proyectos/yii/framework/web/CController.php(782): CController->renderPartial('index', Array, true)
#20 /var/www/Proyectos/blog2/protected/controllers/PostController.php(136): CController->render('index', Array)
#21 /var/www/Proyectos/yii/framework/web/actions/CInlineAction.php(49): PostController->actionIndex()
#22 /var/www/Proyectos/yii/framework/web/CController.php(308): CInlineAction->runWithParams(Array)
#23 /var/www/Proyectos/yii/framework/web/filters/CFilterChain.php(133): CController->runAction(Object(CInlineAction))
#24 /var/www/Proyectos/yii/framework/web/filters/CFilter.php(40): CFilterChain->run()
#25 /var/www/Proyectos/yii/framework/web/CController.php(1145): CFilter->filter(Object(CFilterChain))
#26 /var/www/Proyectos/yii/framework/web/filters/CInlineFilter.php(58): CController->filterAccessControl(Object(CFilterChain))
#27 /var/www/Proyectos/yii/framework/web/filters/CFilterChain.php(130): CInlineFilter->filter(Object(CFilterChain))
#28 /var/www/Proyectos/yii/framework/web/CController.php(291): CFilterChain->run()
#29 /var/www/Proyectos/yii/framework/web/CController.php(265): CController->runActionWithFilters(Object(CInlineAction), Array)
#30 /var/www/Proyectos/yii/framework/web/CWebApplication.php(282): CController->run('')
#31 /var/www/Proyectos/yii/framework/web/CWebApplication.php(141): CWebApplication->runController('')
#32 /var/www/Proyectos/yii/framework/base/CApplication.php(180): CWebApplication->processRequest()
#33 /var/www/Proyectos/blog2/index.php(11): CApplication->run()
#34 {main}
REQUEST_URI=/Proyectos/blog2/
HTTP_REFERER=http://localhost/Proyectos/
---
2015/04/08 19:46:03 [error] [exception.CDbException] could not find driver
2015/04/08 19:46:03 [error] [exception.CDbException] exception 'CDbException' with message 'CDbConnection failed to open the DB connection.' in /var/www/Proyectos/yii/framework/db/CDbConnection.php:388
Stack trace:
#0 /var/www/Proyectos/yii/framework/db/CDbConnection.php(330): CDbConnection->open()
#1 /var/www/Proyectos/yii/framework/db/CDbConnection.php(308): CDbConnection->setActive(true)
#2 /var/www/Proyectos/yii/framework/base/CModule.php(387): CDbConnection->init()
#3 /var/www/Proyectos/yii/framework/base/CApplication.php(450): CModule->getComponent('db')
#4 /var/www/Proyectos/yii/framework/db/ar/CActiveRecord.php(634): CApplication->getDb()
#5 /var/www/Proyectos/yii/framework/db/ar/CActiveRecord.php(667): CActiveRecord->getDbConnection()
#6 /var/www/Proyectos/yii/framework/db/ar/CActiveRecord.php(1595): CActiveRecord->getCommandBuilder()
#7 /var/www/Proyectos/yii/framework/web/CActiveDataProvider.php(228): CActiveRecord->count(Object(CDbCriteria))
#8 /var/www/Proyectos/yii/framework/web/CDataProvider.php(224): CActiveDataProvider->calculateTotalItemCount()
#9 /var/www/Proyectos/yii/framework/web/CActiveDataProvider.php(178): CDataProvider->getTotalItemCount()
#10 /var/www/Proyectos/yii/framework/web/CDataProvider.php(168): CActiveDataProvider->fetchData()
#11 /var/www/Proyectos/yii/framework/zii/widgets/CBaseListView.php(111): CDataProvider->getData()
#12 /var/www/Proyectos/yii/framework/zii/widgets/CListView.php(211): CBaseListView->init()
#13 /var/www/Proyectos/yii/framework/web/CBaseController.php(147): CListView->init()
#14 /var/www/Proyectos/yii/framework/web/CBaseController.php(172): CBaseController->createWidget('zii.widgets.CLi...', Array)
#15 /var/www/Proyectos/blog2/protected/views/post/index.php(9): CBaseController->widget('zii.widgets.CLi...', Array)
#16 /var/www/Proyectos/yii/framework/web/CBaseController.php(126): require('/var/www/Proyec...')
#17 /var/www/Proyectos/yii/framework/web/CBaseController.php(95): CBaseController->renderInternal('/var/www/Proyec...', Array, true)
#18 /var/www/Proyectos/yii/framework/web/CController.php(869): CBaseController->renderFile('/var/www/Proyec...', Array, true)
#19 /var/www/Proyectos/yii/framework/web/CController.php(782): CController->renderPartial('index', Array, true)
#20 /var/www/Proyectos/blog2/protected/controllers/PostController.php(136): CController->render('index', Array)
#21 /var/www/Proyectos/yii/framework/web/actions/CInlineAction.php(49): PostController->actionIndex()
#22 /var/www/Proyectos/yii/framework/web/CController.php(308): CInlineAction->runWithParams(Array)
#23 /var/www/Proyectos/yii/framework/web/filters/CFilterChain.php(133): CController->runAction(Object(CInlineAction))
#24 /var/www/Proyectos/yii/framework/web/filters/CFilter.php(40): CFilterChain->run()
#25 /var/www/Proyectos/yii/framework/web/CController.php(1145): CFilter->filter(Object(CFilterChain))
#26 /var/www/Proyectos/yii/framework/web/filters/CInlineFilter.php(58): CController->filterAccessControl(Object(CFilterChain))
#27 /var/www/Proyectos/yii/framework/web/filters/CFilterChain.php(130): CInlineFilter->filter(Object(CFilterChain))
#28 /var/www/Proyectos/yii/framework/web/CController.php(291): CFilterChain->run()
#29 /var/www/Proyectos/yii/framework/web/CController.php(265): CController->runActionWithFilters(Object(CInlineAction), Array)
#30 /var/www/Proyectos/yii/framework/web/CWebApplication.php(282): CController->run('')
#31 /var/www/Proyectos/yii/framework/web/CWebApplication.php(141): CWebApplication->runController('')
#32 /var/www/Proyectos/yii/framework/base/CApplication.php(180): CWebApplication->processRequest()
#33 /var/www/Proyectos/blog2/index.php(11): CApplication->run()
#34 {main}
REQUEST_URI=/Proyectos/blog2/
HTTP_REFERER=http://localhost/Proyectos/
---
2015/04/08 19:46:03 [error] [exception.CDbException] could not find driver
2015/04/08 19:46:03 [error] [exception.CDbException] exception 'CDbException' with message 'CDbConnection failed to open the DB connection.' in /var/www/Proyectos/yii/framework/db/CDbConnection.php:388
Stack trace:
#0 /var/www/Proyectos/yii/framework/db/CDbConnection.php(330): CDbConnection->open()
#1 /var/www/Proyectos/yii/framework/db/CDbConnection.php(308): CDbConnection->setActive(true)
#2 /var/www/Proyectos/yii/framework/base/CModule.php(387): CDbConnection->init()
#3 /var/www/Proyectos/yii/framework/base/CApplication.php(450): CModule->getComponent('db')
#4 /var/www/Proyectos/yii/framework/db/ar/CActiveRecord.php(634): CApplication->getDb()
#5 /var/www/Proyectos/yii/framework/db/ar/CActiveRecord.php(667): CActiveRecord->getDbConnection()
#6 /var/www/Proyectos/yii/framework/db/ar/CActiveRecord.php(1595): CActiveRecord->getCommandBuilder()
#7 /var/www/Proyectos/yii/framework/web/CActiveDataProvider.php(228): CActiveRecord->count(Object(CDbCriteria))
#8 /var/www/Proyectos/yii/framework/web/CDataProvider.php(224): CActiveDataProvider->calculateTotalItemCount()
#9 /var/www/Proyectos/yii/framework/web/CActiveDataProvider.php(178): CDataProvider->getTotalItemCount()
#10 /var/www/Proyectos/yii/framework/web/CDataProvider.php(168): CActiveDataProvider->fetchData()
#11 /var/www/Proyectos/yii/framework/zii/widgets/CBaseListView.php(111): CDataProvider->getData()
#12 /var/www/Proyectos/yii/framework/zii/widgets/CListView.php(211): CBaseListView->init()
#13 /var/www/Proyectos/yii/framework/web/CBaseController.php(147): CListView->init()
#14 /var/www/Proyectos/yii/framework/web/CBaseController.php(172): CBaseController->createWidget('zii.widgets.CLi...', Array)
#15 /var/www/Proyectos/blog2/protected/views/post/index.php(9): CBaseController->widget('zii.widgets.CLi...', Array)
#16 /var/www/Proyectos/yii/framework/web/CBaseController.php(126): require('/var/www/Proyec...')
#17 /var/www/Proyectos/yii/framework/web/CBaseController.php(95): CBaseController->renderInternal('/var/www/Proyec...', Array, true)
#18 /var/www/Proyectos/yii/framework/web/CController.php(869): CBaseController->renderFile('/var/www/Proyec...', Array, true)
#19 /var/www/Proyectos/yii/framework/web/CController.php(782): CController->renderPartial('index', Array, true)
#20 /var/www/Proyectos/blog2/protected/controllers/PostController.php(136): CController->render('index', Array)
#21 /var/www/Proyectos/yii/framework/web/actions/CInlineAction.php(49): PostController->actionIndex()
#22 /var/www/Proyectos/yii/framework/web/CController.php(308): CInlineAction->runWithParams(Array)
#23 /var/www/Proyectos/yii/framework/web/filters/CFilterChain.php(133): CController->runAction(Object(CInlineAction))
#24 /var/www/Proyectos/yii/framework/web/filters/CFilter.php(40): CFilterChain->run()
#25 /var/www/Proyectos/yii/framework/web/CController.php(1145): CFilter->filter(Object(CFilterChain))
#26 /var/www/Proyectos/yii/framework/web/filters/CInlineFilter.php(58): CController->filterAccessControl(Object(CFilterChain))
#27 /var/www/Proyectos/yii/framework/web/filters/CFilterChain.php(130): CInlineFilter->filter(Object(CFilterChain))
#28 /var/www/Proyectos/yii/framework/web/CController.php(291): CFilterChain->run()
#29 /var/www/Proyectos/yii/framework/web/CController.php(265): CController->runActionWithFilters(Object(CInlineAction), Array)
#30 /var/www/Proyectos/yii/framework/web/CWebApplication.php(282): CController->run('')
#31 /var/www/Proyectos/yii/framework/web/CWebApplication.php(141): CWebApplication->runController('')
#32 /var/www/Proyectos/yii/framework/base/CApplication.php(180): CWebApplication->processRequest()
#33 /var/www/Proyectos/blog2/index.php(11): CApplication->run()
#34 {main}
REQUEST_URI=/Proyectos/blog2/
HTTP_REFERER=http://localhost/Proyectos/
---
2015/04/08 19:46:03 [error] [exception.CDbException] could not find driver
2015/04/08 19:46:03 [error] [exception.CDbException] exception 'CDbException' with message 'CDbConnection failed to open the DB connection.' in /var/www/Proyectos/yii/framework/db/CDbConnection.php:388
Stack trace:
#0 /var/www/Proyectos/yii/framework/db/CDbConnection.php(330): CDbConnection->open()
#1 /var/www/Proyectos/yii/framework/db/CDbConnection.php(308): CDbConnection->setActive(true)
#2 /var/www/Proyectos/yii/framework/base/CModule.php(387): CDbConnection->init()
#3 /var/www/Proyectos/yii/framework/base/CApplication.php(450): CModule->getComponent('db')
#4 /var/www/Proyectos/yii/framework/db/ar/CActiveRecord.php(634): CApplication->getDb()
#5 /var/www/Proyectos/yii/framework/db/ar/CActiveRecord.php(667): CActiveRecord->getDbConnection()
#6 /var/www/Proyectos/yii/framework/db/ar/CActiveRecord.php(1595): CActiveRecord->getCommandBuilder()
#7 /var/www/Proyectos/yii/framework/web/CActiveDataProvider.php(228): CActiveRecord->count(Object(CDbCriteria))
#8 /var/www/Proyectos/yii/framework/web/CDataProvider.php(224): CActiveDataProvider->calculateTotalItemCount()
#9 /var/www/Proyectos/yii/framework/web/CActiveDataProvider.php(178): CDataProvider->getTotalItemCount()
#10 /var/www/Proyectos/yii/framework/web/CDataProvider.php(168): CActiveDataProvider->fetchData()
#11 /var/www/Proyectos/yii/framework/zii/widgets/CBaseListView.php(111): CDataProvider->getData()
#12 /var/www/Proyectos/yii/framework/zii/widgets/CListView.php(211): CBaseListView->init()
#13 /var/www/Proyectos/yii/framework/web/CBaseController.php(147): CListView->init()
#14 /var/www/Proyectos/yii/framework/web/CBaseController.php(172): CBaseController->createWidget('zii.widgets.CLi...', Array)
#15 /var/www/Proyectos/blog2/protected/views/post/index.php(9): CBaseController->widget('zii.widgets.CLi...', Array)
#16 /var/www/Proyectos/yii/framework/web/CBaseController.php(126): require('/var/www/Proyec...')
#17 /var/www/Proyectos/yii/framework/web/CBaseController.php(95): CBaseController->renderInternal('/var/www/Proyec...', Array, true)
#18 /var/www/Proyectos/yii/framework/web/CController.php(869): CBaseController->renderFile('/var/www/Proyec...', Array, true)
#19 /var/www/Proyectos/yii/framework/web/CController.php(782): CController->renderPartial('index', Array, true)
#20 /var/www/Proyectos/blog2/protected/controllers/PostController.php(136): CController->render('index', Array)
#21 /var/www/Proyectos/yii/framework/web/actions/CInlineAction.php(49): PostController->actionIndex()
#22 /var/www/Proyectos/yii/framework/web/CController.php(308): CInlineAction->runWithParams(Array)
#23 /var/www/Proyectos/yii/framework/web/filters/CFilterChain.php(133): CController->runAction(Object(CInlineAction))
#24 /var/www/Proyectos/yii/framework/web/filters/CFilter.php(40): CFilterChain->run()
#25 /var/www/Proyectos/yii/framework/web/CController.php(1145): CFilter->filter(Object(CFilterChain))
#26 /var/www/Proyectos/yii/framework/web/filters/CInlineFilter.php(58): CController->filterAccessControl(Object(CFilterChain))
#27 /var/www/Proyectos/yii/framework/web/filters/CFilterChain.php(130): CInlineFilter->filter(Object(CFilterChain))
#28 /var/www/Proyectos/yii/framework/web/CController.php(291): CFilterChain->run()
#29 /var/www/Proyectos/yii/framework/web/CController.php(265): CController->runActionWithFilters(Object(CInlineAction), Array)
#30 /var/www/Proyectos/yii/framework/web/CWebApplication.php(282): CController->run('')
#31 /var/www/Proyectos/yii/framework/web/CWebApplication.php(141): CWebApplication->runController('')
#32 /var/www/Proyectos/yii/framework/base/CApplication.php(180): CWebApplication->processRequest()
#33 /var/www/Proyectos/blog2/index.php(11): CApplication->run()
#34 {main}
REQUEST_URI=/Proyectos/blog2/
HTTP_REFERER=http://localhost/Proyectos/
---
2015/04/08 19:46:04 [error] [exception.CDbException] could not find driver
2015/04/08 19:46:04 [error] [exception.CDbException] exception 'CDbException' with message 'CDbConnection failed to open the DB connection.' in /var/www/Proyectos/yii/framework/db/CDbConnection.php:388
Stack trace:
#0 /var/www/Proyectos/yii/framework/db/CDbConnection.php(330): CDbConnection->open()
#1 /var/www/Proyectos/yii/framework/db/CDbConnection.php(308): CDbConnection->setActive(true)
#2 /var/www/Proyectos/yii/framework/base/CModule.php(387): CDbConnection->init()
#3 /var/www/Proyectos/yii/framework/base/CApplication.php(450): CModule->getComponent('db')
#4 /var/www/Proyectos/yii/framework/db/ar/CActiveRecord.php(634): CApplication->getDb()
#5 /var/www/Proyectos/yii/framework/db/ar/CActiveRecord.php(667): CActiveRecord->getDbConnection()
#6 /var/www/Proyectos/yii/framework/db/ar/CActiveRecord.php(1595): CActiveRecord->getCommandBuilder()
#7 /var/www/Proyectos/yii/framework/web/CActiveDataProvider.php(228): CActiveRecord->count(Object(CDbCriteria))
#8 /var/www/Proyectos/yii/framework/web/CDataProvider.php(224): CActiveDataProvider->calculateTotalItemCount()
#9 /var/www/Proyectos/yii/framework/web/CActiveDataProvider.php(178): CDataProvider->getTotalItemCount()
#10 /var/www/Proyectos/yii/framework/web/CDataProvider.php(168): CActiveDataProvider->fetchData()
#11 /var/www/Proyectos/yii/framework/zii/widgets/CBaseListView.php(111): CDataProvider->getData()
#12 /var/www/Proyectos/yii/framework/zii/widgets/CListView.php(211): CBaseListView->init()
#13 /var/www/Proyectos/yii/framework/web/CBaseController.php(147): CListView->init()
#14 /var/www/Proyectos/yii/framework/web/CBaseController.php(172): CBaseController->createWidget('zii.widgets.CLi...', Array)
#15 /var/www/Proyectos/blog2/protected/views/post/index.php(9): CBaseController->widget('zii.widgets.CLi...', Array)
#16 /var/www/Proyectos/yii/framework/web/CBaseController.php(126): require('/var/www/Proyec...')
#17 /var/www/Proyectos/yii/framework/web/CBaseController.php(95): CBaseController->renderInternal('/var/www/Proyec...', Array, true)
#18 /var/www/Proyectos/yii/framework/web/CController.php(869): CBaseController->renderFile('/var/www/Proyec...', Array, true)
#19 /var/www/Proyectos/yii/framework/web/CController.php(782): CController->renderPartial('index', Array, true)
#20 /var/www/Proyectos/blog2/protected/controllers/PostController.php(136): CController->render('index', Array)
#21 /var/www/Proyectos/yii/framework/web/actions/CInlineAction.php(49): PostController->actionIndex()
#22 /var/www/Proyectos/yii/framework/web/CController.php(308): CInlineAction->runWithParams(Array)
#23 /var/www/Proyectos/yii/framework/web/filters/CFilterChain.php(133): CController->runAction(Object(CInlineAction))
#24 /var/www/Proyectos/yii/framework/web/filters/CFilter.php(40): CFilterChain->run()
#25 /var/www/Proyectos/yii/framework/web/CController.php(1145): CFilter->filter(Object(CFilterChain))
#26 /var/www/Proyectos/yii/framework/web/filters/CInlineFilter.php(58): CController->filterAccessControl(Object(CFilterChain))
#27 /var/www/Proyectos/yii/framework/web/filters/CFilterChain.php(130): CInlineFilter->filter(Object(CFilterChain))
#28 /var/www/Proyectos/yii/framework/web/CController.php(291): CFilterChain->run()
#29 /var/www/Proyectos/yii/framework/web/CController.php(265): CController->runActionWithFilters(Object(CInlineAction), Array)
#30 /var/www/Proyectos/yii/framework/web/CWebApplication.php(282): CController->run('')
#31 /var/www/Proyectos/yii/framework/web/CWebApplication.php(141): CWebApplication->runController('')
#32 /var/www/Proyectos/yii/framework/base/CApplication.php(180): CWebApplication->processRequest()
#33 /var/www/Proyectos/blog2/index.php(11): CApplication->run()
#34 {main}
REQUEST_URI=/Proyectos/blog2/
HTTP_REFERER=http://localhost/Proyectos/
---
2015/04/08 19:46:04 [error] [exception.CDbException] could not find driver
2015/04/08 19:46:04 [error] [exception.CDbException] exception 'CDbException' with message 'CDbConnection failed to open the DB connection.' in /var/www/Proyectos/yii/framework/db/CDbConnection.php:388
Stack trace:
#0 /var/www/Proyectos/yii/framework/db/CDbConnection.php(330): CDbConnection->open()
#1 /var/www/Proyectos/yii/framework/db/CDbConnection.php(308): CDbConnection->setActive(true)
#2 /var/www/Proyectos/yii/framework/base/CModule.php(387): CDbConnection->init()
#3 /var/www/Proyectos/yii/framework/base/CApplication.php(450): CModule->getComponent('db')
#4 /var/www/Proyectos/yii/framework/db/ar/CActiveRecord.php(634): CApplication->getDb()
#5 /var/www/Proyectos/yii/framework/db/ar/CActiveRecord.php(667): CActiveRecord->getDbConnection()
#6 /var/www/Proyectos/yii/framework/db/ar/CActiveRecord.php(1595): CActiveRecord->getCommandBuilder()
#7 /var/www/Proyectos/yii/framework/web/CActiveDataProvider.php(228): CActiveRecord->count(Object(CDbCriteria))
#8 /var/www/Proyectos/yii/framework/web/CDataProvider.php(224): CActiveDataProvider->calculateTotalItemCount()
#9 /var/www/Proyectos/yii/framework/web/CActiveDataProvider.php(178): CDataProvider->getTotalItemCount()
#10 /var/www/Proyectos/yii/framework/web/CDataProvider.php(168): CActiveDataProvider->fetchData()
#11 /var/www/Proyectos/yii/framework/zii/widgets/CBaseListView.php(111): CDataProvider->getData()
#12 /var/www/Proyectos/yii/framework/zii/widgets/CListView.php(211): CBaseListView->init()
#13 /var/www/Proyectos/yii/framework/web/CBaseController.php(147): CListView->init()
#14 /var/www/Proyectos/yii/framework/web/CBaseController.php(172): CBaseController->createWidget('zii.widgets.CLi...', Array)
#15 /var/www/Proyectos/blog2/protected/views/post/index.php(9): CBaseController->widget('zii.widgets.CLi...', Array)
#16 /var/www/Proyectos/yii/framework/web/CBaseController.php(126): require('/var/www/Proyec...')
#17 /var/www/Proyectos/yii/framework/web/CBaseController.php(95): CBaseController->renderInternal('/var/www/Proyec...', Array, true)
#18 /var/www/Proyectos/yii/framework/web/CController.php(869): CBaseController->renderFile('/var/www/Proyec...', Array, true)
#19 /var/www/Proyectos/yii/framework/web/CController.php(782): CController->renderPartial('index', Array, true)
#20 /var/www/Proyectos/blog2/protected/controllers/PostController.php(136): CController->render('index', Array)
#21 /var/www/Proyectos/yii/framework/web/actions/CInlineAction.php(49): PostController->actionIndex()
#22 /var/www/Proyectos/yii/framework/web/CController.php(308): CInlineAction->runWithParams(Array)
#23 /var/www/Proyectos/yii/framework/web/filters/CFilterChain.php(133): CController->runAction(Object(CInlineAction))
#24 /var/www/Proyectos/yii/framework/web/filters/CFilter.php(40): CFilterChain->run()
#25 /var/www/Proyectos/yii/framework/web/CController.php(1145): CFilter->filter(Object(CFilterChain))
#26 /var/www/Proyectos/yii/framework/web/filters/CInlineFilter.php(58): CController->filterAccessControl(Object(CFilterChain))
#27 /var/www/Proyectos/yii/framework/web/filters/CFilterChain.php(130): CInlineFilter->filter(Object(CFilterChain))
#28 /var/www/Proyectos/yii/framework/web/CController.php(291): CFilterChain->run()
#29 /var/www/Proyectos/yii/framework/web/CController.php(265): CController->runActionWithFilters(Object(CInlineAction), Array)
#30 /var/www/Proyectos/yii/framework/web/CWebApplication.php(282): CController->run('')
#31 /var/www/Proyectos/yii/framework/web/CWebApplication.php(141): CWebApplication->runController('')
#32 /var/www/Proyectos/yii/framework/base/CApplication.php(180): CWebApplication->processRequest()
#33 /var/www/Proyectos/blog2/index.php(11): CApplication->run()
#34 {main}
REQUEST_URI=/Proyectos/blog2/
HTTP_REFERER=http://localhost/Proyectos/
---
2015/04/08 19:46:04 [error] [exception.CDbException] could not find driver
2015/04/08 19:46:04 [error] [exception.CDbException] exception 'CDbException' with message 'CDbConnection failed to open the DB connection.' in /var/www/Proyectos/yii/framework/db/CDbConnection.php:388
Stack trace:
#0 /var/www/Proyectos/yii/framework/db/CDbConnection.php(330): CDbConnection->open()
#1 /var/www/Proyectos/yii/framework/db/CDbConnection.php(308): CDbConnection->setActive(true)
#2 /var/www/Proyectos/yii/framework/base/CModule.php(387): CDbConnection->init()
#3 /var/www/Proyectos/yii/framework/base/CApplication.php(450): CModule->getComponent('db')
#4 /var/www/Proyectos/yii/framework/db/ar/CActiveRecord.php(634): CApplication->getDb()
#5 /var/www/Proyectos/yii/framework/db/ar/CActiveRecord.php(667): CActiveRecord->getDbConnection()
#6 /var/www/Proyectos/yii/framework/db/ar/CActiveRecord.php(1595): CActiveRecord->getCommandBuilder()
#7 /var/www/Proyectos/yii/framework/web/CActiveDataProvider.php(228): CActiveRecord->count(Object(CDbCriteria))
#8 /var/www/Proyectos/yii/framework/web/CDataProvider.php(224): CActiveDataProvider->calculateTotalItemCount()
#9 /var/www/Proyectos/yii/framework/web/CActiveDataProvider.php(178): CDataProvider->getTotalItemCount()
#10 /var/www/Proyectos/yii/framework/web/CDataProvider.php(168): CActiveDataProvider->fetchData()
#11 /var/www/Proyectos/yii/framework/zii/widgets/CBaseListView.php(111): CDataProvider->getData()
#12 /var/www/Proyectos/yii/framework/zii/widgets/CListView.php(211): CBaseListView->init()
#13 /var/www/Proyectos/yii/framework/web/CBaseController.php(147): CListView->init()
#14 /var/www/Proyectos/yii/framework/web/CBaseController.php(172): CBaseController->createWidget('zii.widgets.CLi...', Array)
#15 /var/www/Proyectos/blog2/protected/views/post/index.php(9): CBaseController->widget('zii.widgets.CLi...', Array)
#16 /var/www/Proyectos/yii/framework/web/CBaseController.php(126): require('/var/www/Proyec...')
#17 /var/www/Proyectos/yii/framework/web/CBaseController.php(95): CBaseController->renderInternal('/var/www/Proyec...', Array, true)
#18 /var/www/Proyectos/yii/framework/web/CController.php(869): CBaseController->renderFile('/var/www/Proyec...', Array, true)
#19 /var/www/Proyectos/yii/framework/web/CController.php(782): CController->renderPartial('index', Array, true)
#20 /var/www/Proyectos/blog2/protected/controllers/PostController.php(136): CController->render('index', Array)
#21 /var/www/Proyectos/yii/framework/web/actions/CInlineAction.php(49): PostController->actionIndex()
#22 /var/www/Proyectos/yii/framework/web/CController.php(308): CInlineAction->runWithParams(Array)
#23 /var/www/Proyectos/yii/framework/web/filters/CFilterChain.php(133): CController->runAction(Object(CInlineAction))
#24 /var/www/Proyectos/yii/framework/web/filters/CFilter.php(40): CFilterChain->run()
#25 /var/www/Proyectos/yii/framework/web/CController.php(1145): CFilter->filter(Object(CFilterChain))
#26 /var/www/Proyectos/yii/framework/web/filters/CInlineFilter.php(58): CController->filterAccessControl(Object(CFilterChain))
#27 /var/www/Proyectos/yii/framework/web/filters/CFilterChain.php(130): CInlineFilter->filter(Object(CFilterChain))
#28 /var/www/Proyectos/yii/framework/web/CController.php(291): CFilterChain->run()
#29 /var/www/Proyectos/yii/framework/web/CController.php(265): CController->runActionWithFilters(Object(CInlineAction), Array)
#30 /var/www/Proyectos/yii/framework/web/CWebApplication.php(282): CController->run('')
#31 /var/www/Proyectos/yii/framework/web/CWebApplication.php(141): CWebApplication->runController('')
#32 /var/www/Proyectos/yii/framework/base/CApplication.php(180): CWebApplication->processRequest()
#33 /var/www/Proyectos/blog2/index.php(11): CApplication->run()
#34 {main}
REQUEST_URI=/Proyectos/blog2/
HTTP_REFERER=http://localhost/Proyectos/
---
2015/04/08 19:58:14 [error] [exception.CHttpException.404] exception 'CHttpException' with message 'Unable to resolve the request "gii".' in /var/www/Proyectos/yii/framework/web/CWebApplication.php:286
Stack trace:
#0 /var/www/Proyectos/yii/framework/web/CWebApplication.php(141): CWebApplication->runController('gii')
#1 /var/www/Proyectos/yii/framework/base/CApplication.php(180): CWebApplication->processRequest()
#2 /var/www/Proyectos/blog2/index.php(11): CApplication->run()
#3 {main}
REQUEST_URI=/Proyectos/blog2/index.php?r=gii
---
2015/04/08 19:59:15 [error] [exception.CHttpException.404] exception 'CHttpException' with message 'Unable to resolve the request "gii".' in /var/www/Proyectos/yii/framework/web/CWebApplication.php:286
Stack trace:
#0 /var/www/Proyectos/yii/framework/web/CWebApplication.php(141): CWebApplication->runController('gii')
#1 /var/www/Proyectos/yii/framework/base/CApplication.php(180): CWebApplication->processRequest()
#2 /var/www/Proyectos/blog2/index.php(11): CApplication->run()
#3 {main}
REQUEST_URI=/Proyectos/blog2/index.php?r=gii
---
